# JRE version: OpenJDK Runtime Environment Temurin-17.0.19+10 (17.0.19+10) (build 17.0.19+10)
# Java VM: OpenJDK 64-Bit Server VM Temurin-17.0.19+10 (17.0.19+10, mixed mode, sharing, tiered, compressed oops, compressed class ptrs, g1 gc, windows-amd64)
GC Precious Log:
 CPUs: 8 total, 8 available
 Memory: 7975M
 Large Page Support: Disabled
 NUMA Support: Disabled
 Compressed Oops: Enabled (32-bit)
 Heap Region Size: 1M
 Heap Min Capacity: 8M
 Heap Initial Capacity: 126M
 Heap Max Capacity: 1994M
 Pre-touch: Disabled
 Parallel Workers: 8
 Concurrent Workers: 2
 Concurrent Refinement Workers: 8
 Periodic GC: Disabled
Heap:
 garbage-first heap   total 129024K, used 60614K [0x0000000083600000, 0x0000000100000000)
  region size 1024K, 57 young (58368K), 9 survivors (9216K)
 Metaspace       used 15941K, committed 16192K, reserved 1114112K
  class space    used 1859K, committed 1984K, reserved 1048576K
GC Heap History (6 events):
Event: 5.936 GC heap before
{Heap before GC invocations=0 (full 0):
 garbage-first heap   total 129024K, used 22528K [0x0000000083600000, 0x0000000100000000)
  region size 1024K, 23 young (23552K), 0 survivors (0K)
 Metaspace       used 5369K, committed 5568K, reserved 1114112K
  class space    used 646K, committed 768K, reserved 1048576K
}
Event: 5.943 GC heap after
{Heap after GC invocations=1 (full 0):
 garbage-first heap   total 129024K, used 3655K [0x0000000083600000, 0x0000000100000000)
  region size 1024K, 3 young (3072K), 3 survivors (3072K)
 Metaspace       used 5369K, committed 5568K, reserved 1114112K
  class space    used 646K, committed 768K, reserved 1048576K
}
Event: 6.381 GC heap before
{Heap before GC invocations=1 (full 0):
 garbage-first heap   total 129024K, used 35399K [0x0000000083600000, 0x0000000100000000)
  region size 1024K, 34 young (34816K), 3 survivors (3072K)
 Metaspace       used 9037K, committed 9280K, reserved 1114112K
  class space    used 1098K, committed 1216K, reserved 1048576K
}
Event: 6.385 GC heap after
{Heap after GC invocations=2 (full 0):
 garbage-first heap   total 129024K, used 5194K [0x0000000083600000, 0x0000000100000000)
  region size 1024K, 2 young (2048K), 2 survivors (2048K)
 Metaspace       used 9037K, committed 9280K, reserved 1114112K
  class space    used 1098K, committed 1216K, reserved 1048576K
}
Event: 10.734 GC heap before
{Heap before GC invocations=2 (full 0):
 garbage-first heap   total 129024K, used 79946K [0x0000000083600000, 0x0000000100000000)
  region size 1024K, 75 young (76800K), 2 survivors (2048K)
 Metaspace       used 15267K, committed 15424K, reserved 1114112K
  class space    used 1830K, committed 1920K, reserved 1048576K
}
Event: 10.744 GC heap after
{Heap after GC invocations=3 (full 0):
 garbage-first heap   total 129024K, used 12486K [0x0000000083600000, 0x0000000100000000)
  region size 1024K, 9 young (9216K), 9 survivors (9216K)
 Metaspace       used 15267K, committed 15424K, reserved 1114112K
  class space    used 1830K, committed 1920K, reserved 1048576K
}

